<?xml version="1.0" encoding="UTF-8"?>
<testng-results ignored="0" total="1" passed="1" failed="0" skipped="0">
  <reporter-output>
  </reporter-output>
  <suite started-at="2022-02-20T13:31:22Z" name="Default suite" finished-at="2022-02-20T13:31:44Z" duration-ms="22019">
    <groups>
    </groups>
    <test started-at="2022-02-20T13:31:22Z" name="Default test" finished-at="2022-02-20T13:31:44Z" duration-ms="22019">
      <class name="com.hrm.qa.test.HomePageTest">
        <test-method is-config="true" signature="intialization()[pri:0, instance:com.hrm.qa.test.HomePageTest@18e36d14]" started-at="2022-02-20T19:01:22Z" name="intialization" finished-at="2022-02-20T19:01:37Z" duration-ms="14649" status="PASS">
          <reporter-output>
          </reporter-output>
        </test-method> <!-- intialization -->
        <test-method signature="hommeTest()[pri:0, instance:com.hrm.qa.test.HomePageTest@18e36d14]" started-at="2022-02-20T19:01:37Z" name="hommeTest" finished-at="2022-02-20T19:01:43Z" duration-ms="5881" status="PASS">
          <reporter-output>
          </reporter-output>
        </test-method> <!-- hommeTest -->
        <test-method is-config="true" signature="teardownMet()[pri:0, instance:com.hrm.qa.test.HomePageTest@18e36d14]" started-at="2022-02-20T19:01:43Z" name="teardownMet" finished-at="2022-02-20T19:01:44Z" duration-ms="1441" status="PASS">
          <reporter-output>
          </reporter-output>
        </test-method> <!-- teardownMet -->
      </class> <!-- com.hrm.qa.test.HomePageTest -->
    </test> <!-- Default test -->
  </suite> <!-- Default suite -->
</testng-results>
